mode: atomic
github.com/tekenstam/vidkit/cmd/vidkit/main.go:23.98,25.16 2 0
github.com/tekenstam/vidkit/cmd/vidkit/main.go:25.16,27.3 1 0
github.com/tekenstam/vidkit/cmd/vidkit/main.go:29.2,40.38 8 0
github.com/tekenstam/vidkit/cmd/vidkit/main.go:40.38,41.34 1 0
github.com/tekenstam/vidkit/cmd/vidkit/main.go:41.34,47.4 5 0
github.com/tekenstam/vidkit/cmd/vidkit/main.go:47.9,47.41 1 0
github.com/tekenstam/vidkit/cmd/vidkit/main.go:47.41,50.31 3 0
github.com/tekenstam/vidkit/cmd/vidkit/main.go:50.31,52.5 1 0
github.com/tekenstam/vidkit/cmd/vidkit/main.go:53.4,53.27 1 0
github.com/tekenstam/vidkit/cmd/vidkit/main.go:53.27,55.5 1 0
github.com/tekenstam/vidkit/cmd/vidkit/main.go:56.4,56.34 1 0
github.com/tekenstam/vidkit/cmd/vidkit/main.go:56.34,58.5 1 0
github.com/tekenstam/vidkit/cmd/vidkit/main.go:59.4,59.68 1 0
github.com/tekenstam/vidkit/cmd/vidkit/main.go:64.2,65.21 2 0
github.com/tekenstam/vidkit/cmd/vidkit/main.go:65.21,68.26 3 0
github.com/tekenstam/vidkit/cmd/vidkit/main.go:68.26,70.4 1 0
github.com/tekenstam/vidkit/cmd/vidkit/main.go:70.9,72.4 1 0
github.com/tekenstam/vidkit/cmd/vidkit/main.go:74.3,75.17 2 0
github.com/tekenstam/vidkit/cmd/vidkit/main.go:75.17,77.4 1 0
github.com/tekenstam/vidkit/cmd/vidkit/main.go:77.9,82.4 4 0
github.com/tekenstam/vidkit/cmd/vidkit/main.go:86.2,87.22 2 0
github.com/tekenstam/vidkit/cmd/vidkit/main.go:87.22,89.3 1 0
github.com/tekenstam/vidkit/cmd/vidkit/main.go:89.8,91.3 1 0
github.com/tekenstam/vidkit/cmd/vidkit/main.go:93.2,97.21 4 0
github.com/tekenstam/vidkit/cmd/vidkit/main.go:97.21,100.3 2 0
github.com/tekenstam/vidkit/cmd/vidkit/main.go:103.2,103.38 1 0
github.com/tekenstam/vidkit/cmd/vidkit/main.go:103.38,104.45 1 0
github.com/tekenstam/vidkit/cmd/vidkit/main.go:104.45,106.4 1 0
github.com/tekenstam/vidkit/cmd/vidkit/main.go:107.3,107.50 1 0
github.com/tekenstam/vidkit/cmd/vidkit/main.go:107.50,109.4 1 0
github.com/tekenstam/vidkit/cmd/vidkit/main.go:110.3,110.44 1 0
github.com/tekenstam/vidkit/cmd/vidkit/main.go:113.2,113.12 1 0
github.com/tekenstam/vidkit/cmd/vidkit/main.go:116.98,119.16 2 0
github.com/tekenstam/vidkit/cmd/vidkit/main.go:119.16,121.3 1 0
github.com/tekenstam/vidkit/cmd/vidkit/main.go:124.2,124.23 1 0
github.com/tekenstam/vidkit/cmd/vidkit/main.go:124.23,125.51 1 0
github.com/tekenstam/vidkit/cmd/vidkit/main.go:125.51,127.4 1 0
github.com/tekenstam/vidkit/cmd/vidkit/main.go:128.3,128.50 1 0
github.com/tekenstam/vidkit/cmd/vidkit/main.go:132.2,133.85 2 0
github.com/tekenstam/vidkit/cmd/vidkit/main.go:133.85,134.17 1 0
github.com/tekenstam/vidkit/cmd/vidkit/main.go:134.17,137.4 2 0
github.com/tekenstam/vidkit/cmd/vidkit/main.go:140.3,140.19 1 0
github.com/tekenstam/vidkit/cmd/vidkit/main.go:140.19,141.42 1 0
github.com/tekenstam/vidkit/cmd/vidkit/main.go:141.42,143.5 1 0
github.com/tekenstam/vidkit/cmd/vidkit/main.go:144.4,144.14 1 0
github.com/tekenstam/vidkit/cmd/vidkit/main.go:148.3,148.54 1 0
github.com/tekenstam/vidkit/cmd/vidkit/main.go:148.54,151.71 3 0
github.com/tekenstam/vidkit/cmd/vidkit/main.go:151.71,153.5 1 0
github.com/tekenstam/vidkit/cmd/vidkit/main.go:155.3,155.13 1 0
github.com/tekenstam/vidkit/cmd/vidkit/main.go:158.2,158.16 1 0
github.com/tekenstam/vidkit/cmd/vidkit/main.go:158.16,160.3 1 0
github.com/tekenstam/vidkit/cmd/vidkit/main.go:162.2,162.16 1 0
github.com/tekenstam/vidkit/cmd/vidkit/main.go:162.16,164.3 1 0
github.com/tekenstam/vidkit/cmd/vidkit/main.go:166.2,166.12 1 0
github.com/tekenstam/vidkit/cmd/vidkit/main.go:169.128,175.38 4 0
github.com/tekenstam/vidkit/cmd/vidkit/main.go:175.38,176.34 1 0
github.com/tekenstam/vidkit/cmd/vidkit/main.go:176.34,179.9 3 0
github.com/tekenstam/vidkit/cmd/vidkit/main.go:184.2,197.20 5 0
github.com/tekenstam/vidkit/cmd/vidkit/main.go:197.20,199.3 1 0
github.com/tekenstam/vidkit/cmd/vidkit/main.go:202.2,202.26 1 0
github.com/tekenstam/vidkit/cmd/vidkit/main.go:202.26,204.3 1 0
github.com/tekenstam/vidkit/cmd/vidkit/main.go:207.2,207.19 1 0
github.com/tekenstam/vidkit/cmd/vidkit/main.go:207.19,209.3 1 0
github.com/tekenstam/vidkit/cmd/vidkit/main.go:212.2,212.42 1 0
github.com/tekenstam/vidkit/cmd/vidkit/main.go:212.42,213.12 1 0
github.com/tekenstam/vidkit/cmd/vidkit/main.go:214.53,215.14 1 0
github.com/tekenstam/vidkit/cmd/vidkit/main.go:216.11,217.12 1 0
github.com/tekenstam/vidkit/cmd/vidkit/main.go:221.2,221.40 1 0
github.com/tekenstam/vidkit/cmd/vidkit/main.go:224.27,229.2 4 0
github.com/tekenstam/vidkit/cmd/vidkit/main.go:231.35,234.2 2 0
github.com/tekenstam/vidkit/cmd/vidkit/main.go:236.13,253.18 14 0
github.com/tekenstam/vidkit/cmd/vidkit/main.go:253.18,256.3 2 0
github.com/tekenstam/vidkit/cmd/vidkit/main.go:258.2,259.19 2 0
github.com/tekenstam/vidkit/cmd/vidkit/main.go:259.19,277.3 17 0
github.com/tekenstam/vidkit/cmd/vidkit/main.go:280.2,281.16 2 0
github.com/tekenstam/vidkit/cmd/vidkit/main.go:281.16,284.3 2 0
github.com/tekenstam/vidkit/cmd/vidkit/main.go:287.2,297.22 11 0
github.com/tekenstam/vidkit/cmd/vidkit/main.go:297.22,299.3 1 0
github.com/tekenstam/vidkit/cmd/vidkit/main.go:302.2,302.51 1 0
github.com/tekenstam/vidkit/cmd/vidkit/main.go:302.51,305.3 2 0
github.com/tekenstam/vidkit/cmd/vidkit/main.go:308.2,309.21 2 0
github.com/tekenstam/vidkit/cmd/vidkit/main.go:309.21,311.17 2 0
github.com/tekenstam/vidkit/cmd/vidkit/main.go:311.17,314.4 2 0
github.com/tekenstam/vidkit/cmd/vidkit/main.go:318.2,318.28 1 0
github.com/tekenstam/vidkit/cmd/vidkit/main.go:318.28,319.66 1 0
github.com/tekenstam/vidkit/cmd/vidkit/main.go:319.66,322.4 2 0
github.com/tekenstam/vidkit/internal/pkg/media/video.go:36.56,45.16 3 0
github.com/tekenstam/vidkit/internal/pkg/media/video.go:45.16,47.3 1 0
github.com/tekenstam/vidkit/internal/pkg/media/video.go:49.2,50.54 2 0
github.com/tekenstam/vidkit/internal/pkg/media/video.go:50.54,52.3 1 0
github.com/tekenstam/vidkit/internal/pkg/media/video.go:54.2,54.19 1 0
github.com/tekenstam/vidkit/internal/pkg/media/video.go:58.57,59.25 1 8
github.com/tekenstam/vidkit/internal/pkg/media/video.go:59.25,61.39 2 3
github.com/tekenstam/vidkit/internal/pkg/media/video.go:61.39,62.40 1 4
github.com/tekenstam/vidkit/internal/pkg/media/video.go:62.40,63.24 1 3
github.com/tekenstam/vidkit/internal/pkg/media/video.go:63.24,65.6 1 1
github.com/tekenstam/vidkit/internal/pkg/media/video.go:66.10,66.34 1 1
github.com/tekenstam/vidkit/internal/pkg/media/video.go:66.34,68.5 1 1
github.com/tekenstam/vidkit/internal/pkg/media/video.go:70.3,70.15 1 1
github.com/tekenstam/vidkit/internal/pkg/media/video.go:74.2,88.23 3 5
github.com/tekenstam/vidkit/internal/pkg/media/video.go:92.43,93.19 1 4
github.com/tekenstam/vidkit/internal/pkg/media/video.go:93.19,95.3 1 1
github.com/tekenstam/vidkit/internal/pkg/media/video.go:96.2,97.16 2 3
github.com/tekenstam/vidkit/internal/pkg/media/video.go:97.16,99.3 1 1
github.com/tekenstam/vidkit/internal/pkg/media/video.go:100.2,101.39 2 2
github.com/tekenstam/vidkit/internal/pkg/media/video.go:105.40,107.16 2 6
github.com/tekenstam/vidkit/internal/pkg/media/video.go:107.16,109.3 1 1
github.com/tekenstam/vidkit/internal/pkg/media/video.go:111.2,114.47 3 5
github.com/tekenstam/vidkit/internal/pkg/media/video.go:114.47,117.3 2 6
github.com/tekenstam/vidkit/internal/pkg/media/video.go:119.2,119.55 1 5
github.com/tekenstam/vidkit/internal/pkg/media/video.go:123.47,124.21 1 5
github.com/tekenstam/vidkit/internal/pkg/media/video.go:124.21,126.3 1 1
github.com/tekenstam/vidkit/internal/pkg/media/video.go:127.2,128.21 2 4
github.com/tekenstam/vidkit/internal/pkg/media/video.go:128.21,130.3 1 1
github.com/tekenstam/vidkit/internal/pkg/media/video.go:131.2,133.44 3 3
github.com/tekenstam/vidkit/internal/pkg/media/video.go:133.44,135.3 1 2
github.com/tekenstam/vidkit/internal/pkg/media/video.go:136.2,136.41 1 1
github.com/tekenstam/vidkit/pkg/resolution/resolution.go:24.54,25.17 1 19
github.com/tekenstam/vidkit/pkg/resolution/resolution.go:25.17,27.3 1 1
github.com/tekenstam/vidkit/pkg/resolution/resolution.go:30.2,30.42 1 18
github.com/tekenstam/vidkit/pkg/resolution/resolution.go:30.42,31.49 1 116
github.com/tekenstam/vidkit/pkg/resolution/resolution.go:31.49,33.4 1 8
github.com/tekenstam/vidkit/pkg/resolution/resolution.go:37.2,38.42 2 10
github.com/tekenstam/vidkit/pkg/resolution/resolution.go:38.42,40.18 2 49
github.com/tekenstam/vidkit/pkg/resolution/resolution.go:40.18,44.4 1 7
github.com/tekenstam/vidkit/pkg/resolution/resolution.go:48.2,48.35 1 3
github.com/tekenstam/vidkit/pkg/resolution/resolution.go:52.21,53.11 1 56
github.com/tekenstam/vidkit/pkg/resolution/resolution.go:53.11,55.3 1 39
github.com/tekenstam/vidkit/pkg/resolution/resolution.go:56.2,56.10 1 17
github.com/tekenstam/vidkit/internal/pkg/config/config.go:35.33,37.16 2 0
github.com/tekenstam/vidkit/internal/pkg/config/config.go:37.16,39.3 1 0
github.com/tekenstam/vidkit/internal/pkg/config/config.go:40.2,40.67 1 0
github.com/tekenstam/vidkit/internal/pkg/config/config.go:44.39,46.2 1 4
github.com/tekenstam/vidkit/internal/pkg/config/config.go:49.30,60.2 1 3
github.com/tekenstam/vidkit/internal/pkg/config/config.go:63.36,68.16 3 2
github.com/tekenstam/vidkit/internal/pkg/config/config.go:68.16,69.25 1 1
github.com/tekenstam/vidkit/internal/pkg/config/config.go:69.25,74.70 2 1
github.com/tekenstam/vidkit/internal/pkg/config/config.go:74.70,76.5 1 0
github.com/tekenstam/vidkit/internal/pkg/config/config.go:79.4,79.45 1 1
github.com/tekenstam/vidkit/internal/pkg/config/config.go:79.45,81.5 1 0
github.com/tekenstam/vidkit/internal/pkg/config/config.go:83.4,83.22 1 1
github.com/tekenstam/vidkit/internal/pkg/config/config.go:85.3,85.59 1 0
github.com/tekenstam/vidkit/internal/pkg/config/config.go:88.2,89.54 2 1
github.com/tekenstam/vidkit/internal/pkg/config/config.go:89.54,91.3 1 0
github.com/tekenstam/vidkit/internal/pkg/config/config.go:94.2,94.28 1 1
github.com/tekenstam/vidkit/internal/pkg/config/config.go:94.28,96.3 1 0
github.com/tekenstam/vidkit/internal/pkg/config/config.go:98.2,98.21 1 1
github.com/tekenstam/vidkit/internal/pkg/config/config.go:102.39,106.68 2 3
github.com/tekenstam/vidkit/internal/pkg/config/config.go:106.68,108.3 1 0
github.com/tekenstam/vidkit/internal/pkg/config/config.go:111.2,112.16 2 3
github.com/tekenstam/vidkit/internal/pkg/config/config.go:112.16,114.3 1 0
github.com/tekenstam/vidkit/internal/pkg/config/config.go:116.2,116.61 1 3
github.com/tekenstam/vidkit/internal/pkg/config/config.go:116.61,118.3 1 0
github.com/tekenstam/vidkit/internal/pkg/config/config.go:120.2,120.12 1 3
github.com/tekenstam/vidkit/internal/pkg/config/config.go:124.43,125.51 1 3
github.com/tekenstam/vidkit/internal/pkg/config/config.go:125.51,127.3 1 1
github.com/tekenstam/vidkit/internal/pkg/config/config.go:128.2,128.12 1 2
